<?xml version="1.0" encoding="UTF-8"?>
<!-- Generated by org.testng.reporters.JUnitReportReporter -->
<testsuite hostname="DESKTOP-JQLCBTF" failures="0" tests="1" name="Dropkick.TestScripts.SignInAndAddToWishlist" time="58.256" errors="0" timestamp="2023-10-10T10:50:20 IST" skipped="0">
  <testcase classname="Dropkick.TestScripts.SignInAndAddToWishlist" name="addToWishlist" time="58.256"/>
  <system-out/>
</testsuite> <!-- Dropkick.TestScripts.SignInAndAddToWishlist -->
